\BOOKMARK [1][-]{section.1}{\376\377\000S\000p\000e\000c\000i\000f\000i\000c\000h\000e\000\040\000I\000n\000f\000o\000r\000m\000a\000l\000i}{}% 1
\BOOKMARK [1][-]{section.2}{\376\377\000A\000n\000a\000l\000i\000s\000i\000\040\000e\000\040\000S\000p\000e\000c\000i\000f\000i\000c\000a\000\040\000d\000e\000i\000\040\000R\000e\000q\000u\000i\000s\000i\000t\000i}{}% 2
\BOOKMARK [2][-]{subsection.2.1}{\376\377\000A\000n\000a\000l\000i\000s\000i\000\040\000n\000o\000m\000i\000-\000v\000e\000r\000b\000i}{section.2}% 3
\BOOKMARK [2][-]{subsection.2.2}{\376\377\000R\000e\000v\000i\000s\000i\000o\000n\000e\000\040\000d\000e\000i\000\040\000r\000e\000q\000u\000i\000s\000i\000t\000i}{section.2}% 4
\BOOKMARK [2][-]{subsection.2.3}{\376\377\000G\000l\000o\000s\000s\000a\000r\000i\000o\000\040\000d\000e\000i\000\040\000t\000e\000r\000m\000i\000n\000i}{section.2}% 5
\BOOKMARK [2][-]{subsection.2.4}{\376\377\000C\000l\000a\000s\000s\000i\000f\000i\000c\000a\000z\000i\000o\000n\000e\000\040\000d\000e\000i\000\040\000r\000e\000q\000u\000i\000s\000i\000t\000i}{section.2}% 6
\BOOKMARK [3][-]{subsubsection.2.4.1}{\376\377\000R\000e\000q\000u\000i\000s\000i\000t\000i\000\040\000f\000u\000n\000z\000i\000o\000n\000a\000l\000i}{subsection.2.4}% 7
\BOOKMARK [3][-]{subsubsection.2.4.2}{\376\377\000R\000e\000q\000u\000i\000s\000i\000t\000i\000\040\000s\000u\000i\000\040\000d\000a\000t\000i}{subsection.2.4}% 8
\BOOKMARK [3][-]{subsubsection.2.4.3}{\376\377\000R\000e\000q\000u\000i\000s\000i\000t\000i\000\040\000N\000o\000n\000\040\000F\000u\000n\000z\000i\000o\000n\000a\000l\000i\000\040\000d\000i\000\040\000Q\000u\000a\000l\000i\000t\000\340}{subsection.2.4}% 9
\BOOKMARK [3][-]{subsubsection.2.4.4}{\376\377\000V\000i\000n\000c\000o\000l\000i\000\040\000/\000\040\000A\000l\000t\000r\000i\000\040\000r\000e\000q\000u\000i\000s\000i\000t\000i}{subsection.2.4}% 10
\BOOKMARK [2][-]{subsection.2.5}{\376\377\000M\000o\000d\000e\000l\000l\000a\000z\000i\000o\000n\000e\000\040\000d\000e\000i\000\040\000c\000a\000s\000i\000\040\000d\000'\000u\000s\000o}{section.2}% 11
\BOOKMARK [3][-]{subsubsection.2.5.1}{\376\377\000A\000t\000t\000o\000r\000i\000\040\000e\000\040\000c\000a\000s\000i\000\040\000d\000'\000u\000s\000o}{subsection.2.5}% 12
\BOOKMARK [3][-]{subsubsection.2.5.2}{\376\377\000D\000i\000a\000g\000r\000a\000m\000m\000a\000\040\000d\000e\000i\000\040\000c\000a\000s\000i\000\040\000d\000'\000u\000s\000o}{subsection.2.5}% 13
\BOOKMARK [3][-]{subsubsection.2.5.3}{\376\377\000S\000c\000e\000n\000a\000r\000i}{subsection.2.5}% 14
\BOOKMARK [2][-]{subsection.2.6}{\376\377\000D\000i\000a\000g\000r\000a\000m\000m\000a\000\040\000d\000e\000l\000l\000e\000\040\000c\000l\000a\000s\000s\000i}{section.2}% 15
\BOOKMARK [3][-]{subsubsection.2.6.1}{\376\377\000R\000e\000s\000p\000o\000n\000s\000a\000b\000i\000l\000i\000t\000\340}{subsection.2.6}% 16
\BOOKMARK [2][-]{subsection.2.7}{\376\377\000D\000i\000a\000g\000r\000a\000m\000m\000i\000\040\000d\000i\000\040\000s\000e\000q\000u\000e\000n\000z\000a}{section.2}% 17
\BOOKMARK [3][-]{subsubsection.2.7.1}{\376\377\000V\000a\000l\000u\000t\000a\000G\000r\000a\000f\000o\000A\000t\000t\000i\000v\000o}{subsection.2.7}% 18
\BOOKMARK [1][-]{section.3}{\376\377\000P\000i\000a\000n\000o\000\040\000d\000i\000\040\000T\000e\000s\000t\000\040\000F\000u\000n\000z\000i\000o\000n\000a\000l\000e}{}% 19
\BOOKMARK [2][-]{subsection.3.1}{\376\377\000V\000a\000l\000u\000t\000a\000G\000r\000a\000f\000o\000A\000t\000t\000i\000v\000o}{section.3}% 20
\BOOKMARK [2][-]{subsection.3.2}{\376\377\000V\000i\000n\000c\000o\000l\000i\000\040\000\050\000C\000o\000n\000s\000t\000r\000a\000i\000n\000t\000s\000\051}{section.3}% 21
\BOOKMARK [2][-]{subsection.3.3}{\376\377\000T\000e\000s\000t\000\040\000C\000a\000s\000e\000\040\000D\000e\000r\000i\000v\000a\000t\000i}{section.3}% 22
\BOOKMARK [1][-]{section.4}{\376\377\000P\000r\000o\000g\000e\000t\000t\000a\000z\000i\000o\000n\000e}{}% 23
\BOOKMARK [2][-]{subsection.4.1}{\376\377\000D\000i\000a\000g\000r\000a\000m\000m\000a\000\040\000d\000e\000l\000l\000e\000\040\000C\000l\000a\000s\000s\000i}{section.4}% 24
\BOOKMARK [3][-]{subsubsection.4.1.1}{\376\377\000T\000r\000a\000d\000u\000z\000i\000o\000n\000e\000\040\000c\000l\000a\000s\000s\000i\000\040\000e\000d\000\040\000a\000s\000s\000o\000c\000i\000a\000z\000i\000o\000n\000i}{subsection.4.1}% 25
\BOOKMARK [3][-]{subsubsection.4.1.2}{\376\377\000P\000a\000t\000t\000e\000r\000n\000\040\000B\000C\000E\000D}{subsection.4.1}% 26
\BOOKMARK [2][-]{subsection.4.2}{\376\377\000D\000i\000a\000g\000r\000a\000m\000m\000i\000\040\000d\000i\000\040\000s\000e\000q\000u\000e\000n\000z\000a}{section.4}% 27
\BOOKMARK [1][-]{section.5}{\376\377\000I\000m\000p\000l\000e\000m\000e\000n\000t\000a\000z\000i\000o\000n\000e}{}% 28
\BOOKMARK [2][-]{subsection.5.1}{\376\377\000P\000a\000c\000k\000a\000g\000e\000\040\000D\000a\000t\000a\000b\000a\000s\000e}{section.5}% 29
\BOOKMARK [2][-]{subsection.5.2}{\376\377\000P\000a\000c\000k\000a\000g\000e\000\040\000E\000n\000t\000i\000t\000y}{section.5}% 30
\BOOKMARK [2][-]{subsection.5.3}{\376\377\000P\000a\000c\000k\000a\000g\000e\000\040\000C\000o\000n\000t\000r\000o\000l\000l\000e\000r}{section.5}% 31
\BOOKMARK [2][-]{subsection.5.4}{\376\377\000P\000a\000c\000k\000a\000g\000e\000\040\000B\000o\000u\000n\000d\000a\000r\000y}{section.5}% 32
\BOOKMARK [2][-]{subsection.5.5}{\376\377\000D\000i\000a\000g\000r\000a\000m\000m\000a\000\040\000d\000i\000\040\000D\000e\000p\000l\000o\000y\000m\000e\000n\000t}{section.5}% 33
\BOOKMARK [1][-]{section.6}{\376\377\000T\000e\000s\000t\000i\000n\000g}{}% 34
\BOOKMARK [2][-]{subsection.6.1}{\376\377\000T\000e\000s\000t\000\040\000S\000t\000r\000u\000t\000t\000u\000r\000a\000l\000e}{section.6}% 35
\BOOKMARK [3][-]{subsubsection.6.1.1}{\376\377\000C\000o\000m\000p\000l\000e\000s\000s\000i\000t\000\340\000\040\000C\000i\000c\000l\000o\000m\000a\000t\000i\000c\000a}{subsection.6.1}% 36
\BOOKMARK [2][-]{subsection.6.2}{\376\377\000V\000i\000t\000e\000s\000t\000\040\000-\000\040\000T\000e\000s\000t\000\040\000d\000i\000\040\000U\000n\000i\000t\000\340}{section.6}% 37
\BOOKMARK [2][-]{subsection.6.3}{\376\377\000T\000e\000s\000t\000\040\000f\000u\000n\000z\000i\000o\000n\000a\000l\000e}{section.6}% 38
